25-Nov-2023 09:03:09.043 信息 [main] org.apache.catalina.startup.VersionLoggerListener.log Server.服务器版本: Apache Tomcat/10.1.7
25-Nov-2023 09:03:09.049 信息 [main] org.apache.catalina.startup.VersionLoggerListener.log 服务器构建:        Feb 27 2023 20:25:27 UTC
25-Nov-2023 09:03:09.049 信息 [main] org.apache.catalina.startup.VersionLoggerListener.log 服务器版本号:      10.1.7.0
25-Nov-2023 09:03:09.050 信息 [main] org.apache.catalina.startup.VersionLoggerListener.log 操作系统名称:      Windows 11
25-Nov-2023 09:03:09.050 信息 [main] org.apache.catalina.startup.VersionLoggerListener.log OS.版本:           10.0
25-Nov-2023 09:03:09.050 信息 [main] org.apache.catalina.startup.VersionLoggerListener.log 架构:              amd64
25-Nov-2023 09:03:09.050 信息 [main] org.apache.catalina.startup.VersionLoggerListener.log Java 环境变量:     C:\Users\15202\.jdks\corretto-17.0.9
25-Nov-2023 09:03:09.050 信息 [main] org.apache.catalina.startup.VersionLoggerListener.log Java虚拟机版本:    17.0.9+8-LTS
25-Nov-2023 09:03:09.050 信息 [main] org.apache.catalina.startup.VersionLoggerListener.log JVM.供应商:        Amazon.com Inc.
25-Nov-2023 09:03:09.050 信息 [main] org.apache.catalina.startup.VersionLoggerListener.log CATALINA_BASE:     C:\Users\15202\IdeaProjects\web-all
25-Nov-2023 09:03:09.052 信息 [main] org.apache.catalina.startup.VersionLoggerListener.log CATALINA_HOME:     D:\MyPrivateData\apache-tomcat-10.1.7
25-Nov-2023 09:03:09.065 信息 [main] org.apache.catalina.startup.VersionLoggerListener.log 命令行参数：       --add-opens=java.base/java.lang=ALL-UNNAMED
25-Nov-2023 09:03:09.066 信息 [main] org.apache.catalina.startup.VersionLoggerListener.log 命令行参数：       --add-opens=java.base/java.io=ALL-UNNAMED
25-Nov-2023 09:03:09.066 信息 [main] org.apache.catalina.startup.VersionLoggerListener.log 命令行参数：       --add-opens=java.base/java.util=ALL-UNNAMED
25-Nov-2023 09:03:09.066 信息 [main] org.apache.catalina.startup.VersionLoggerListener.log 命令行参数：       --add-opens=java.base/java.util.concurrent=ALL-UNNAMED
25-Nov-2023 09:03:09.066 信息 [main] org.apache.catalina.startup.VersionLoggerListener.log 命令行参数：       --add-opens=java.rmi/sun.rmi.transport=ALL-UNNAMED
25-Nov-2023 09:03:09.066 信息 [main] org.apache.catalina.startup.VersionLoggerListener.log 命令行参数：       -Dcatalina.home=D:\MyPrivateData\apache-tomcat-10.1.7
25-Nov-2023 09:03:09.066 信息 [main] org.apache.catalina.startup.VersionLoggerListener.log 命令行参数：       -Dcatalina.base=C:\Users\15202\IdeaProjects\web-all
25-Nov-2023 09:03:09.066 信息 [main] org.apache.catalina.startup.VersionLoggerListener.log 命令行参数：       -Djava.io.tmpdir=C:\Users\15202\IdeaProjects\web-all\temp
25-Nov-2023 09:03:09.066 信息 [main] org.apache.catalina.startup.VersionLoggerListener.log 命令行参数：       -Djava.util.logging.config.file=C:\Users\15202\IdeaProjects\web-all\conf\logging.properties
25-Nov-2023 09:03:09.066 信息 [main] org.apache.catalina.startup.VersionLoggerListener.log 命令行参数：       -Djava.util.logging.manager=org.apache.juli.ClassLoaderLogManager
25-Nov-2023 09:03:09.066 信息 [main] org.apache.catalina.startup.VersionLoggerListener.log 命令行参数：       -javaagent:C:\Program Files\JetBrains\IntelliJ IDEA 2023.2.5\lib\idea_rt.jar=12591:C:\Program Files\JetBrains\IntelliJ IDEA 2023.2.5\bin
25-Nov-2023 09:03:09.067 信息 [main] org.apache.catalina.startup.VersionLoggerListener.log 命令行参数：       -Dfile.encoding=UTF-8
25-Nov-2023 09:03:09.070 信息 [main] org.apache.catalina.core.AprLifecycleListener.lifecycleEvent 使用APR版本[1.7.2]加载了基于APR的Apache Tomcat本机库[2.0.3]。
25-Nov-2023 09:03:09.079 信息 [main] org.apache.catalina.core.AprLifecycleListener.initializeSSL OpenSSL成功初始化 [OpenSSL 3.0.8 7 Feb 2023]
25-Nov-2023 09:03:09.390 信息 [main] org.apache.coyote.AbstractProtocol.init 初始化协议处理器 ["http-nio-8080"]
25-Nov-2023 09:03:09.410 信息 [main] org.apache.catalina.startup.Catalina.load 服务器在[634]毫秒内初始化
25-Nov-2023 09:03:09.482 信息 [main] org.apache.catalina.core.StandardService.startInternal 正在启动服务[Catalina]
25-Nov-2023 09:03:09.482 信息 [main] org.apache.catalina.core.StandardEngine.startInternal 正在启动 Servlet 引擎：[Apache Tomcat/10.1.7]
25-Nov-2023 09:03:09.511 信息 [main] org.apache.catalina.startup.HostConfig.deployDescriptor 正在部署部署描述符[C:\Users\15202\IdeaProjects\web-all\conf\Catalina\localhost\schedule-system.xml]。
25-Nov-2023 09:03:11.806 信息 [main] org.apache.jasper.servlet.TldScanner.scanJars 至少有一个JAR被扫描用于TLD但尚未包含TLD。 为此记录器启用调试日志记录，以获取已扫描但未在其中找到TLD的完整JAR列表。 在扫描期间跳过不需要的JAR可以缩短启动时间和JSP编译时间。
25-Nov-2023 09:03:11.952 信息 [main] org.apache.catalina.startup.HostConfig.deployDescriptor 部署描述符[C:\Users\15202\IdeaProjects\web-all\conf\Catalina\localhost\schedule-system.xml]的部署已在[2,438]ms内完成
25-Nov-2023 09:03:11.956 信息 [main] org.apache.coyote.AbstractProtocol.start 开始协议处理句柄["http-nio-8080"]
25-Nov-2023 09:03:12.066 信息 [main] org.apache.catalina.startup.Catalina.start [2656]毫秒后服务器启动
25-Nov-2023 09:03:14.721 信息 [Thread-1] org.apache.coyote.AbstractProtocol.pause 暂停ProtocolHandler["http-nio-8080"]
25-Nov-2023 09:03:14.736 信息 [Thread-1] org.apache.catalina.core.StandardService.stopInternal 正在停止服务[Catalina]
25-Nov-2023 09:03:14.748 信息 [Thread-1] org.apache.coyote.AbstractProtocol.stop 正在停止ProtocolHandler ["http-nio-8080"]
25-Nov-2023 09:03:14.772 信息 [Thread-1] org.apache.coyote.AbstractProtocol.destroy 正在摧毁协议处理器 ["http-nio-8080"]
25-Nov-2023 09:03:16.399 信息 [main] org.apache.catalina.startup.VersionLoggerListener.log Server.服务器版本: Apache Tomcat/10.1.7
25-Nov-2023 09:03:16.406 信息 [main] org.apache.catalina.startup.VersionLoggerListener.log 服务器构建:        Feb 27 2023 20:25:27 UTC
25-Nov-2023 09:03:16.406 信息 [main] org.apache.catalina.startup.VersionLoggerListener.log 服务器版本号:      10.1.7.0
25-Nov-2023 09:03:16.407 信息 [main] org.apache.catalina.startup.VersionLoggerListener.log 操作系统名称:      Windows 11
25-Nov-2023 09:03:16.407 信息 [main] org.apache.catalina.startup.VersionLoggerListener.log OS.版本:           10.0
25-Nov-2023 09:03:16.407 信息 [main] org.apache.catalina.startup.VersionLoggerListener.log 架构:              amd64
25-Nov-2023 09:03:16.407 信息 [main] org.apache.catalina.startup.VersionLoggerListener.log Java 环境变量:     C:\Users\15202\.jdks\corretto-17.0.9
25-Nov-2023 09:03:16.408 信息 [main] org.apache.catalina.startup.VersionLoggerListener.log Java虚拟机版本:    17.0.9+8-LTS
25-Nov-2023 09:03:16.408 信息 [main] org.apache.catalina.startup.VersionLoggerListener.log JVM.供应商:        Amazon.com Inc.
25-Nov-2023 09:03:16.408 信息 [main] org.apache.catalina.startup.VersionLoggerListener.log CATALINA_BASE:     C:\Users\15202\IdeaProjects\web-all
25-Nov-2023 09:03:16.408 信息 [main] org.apache.catalina.startup.VersionLoggerListener.log CATALINA_HOME:     D:\MyPrivateData\apache-tomcat-10.1.7
25-Nov-2023 09:03:16.424 信息 [main] org.apache.catalina.startup.VersionLoggerListener.log 命令行参数：       --add-opens=java.base/java.lang=ALL-UNNAMED
25-Nov-2023 09:03:16.425 信息 [main] org.apache.catalina.startup.VersionLoggerListener.log 命令行参数：       --add-opens=java.base/java.io=ALL-UNNAMED
25-Nov-2023 09:03:16.425 信息 [main] org.apache.catalina.startup.VersionLoggerListener.log 命令行参数：       --add-opens=java.base/java.util=ALL-UNNAMED
25-Nov-2023 09:03:16.425 信息 [main] org.apache.catalina.startup.VersionLoggerListener.log 命令行参数：       --add-opens=java.base/java.util.concurrent=ALL-UNNAMED
25-Nov-2023 09:03:16.425 信息 [main] org.apache.catalina.startup.VersionLoggerListener.log 命令行参数：       --add-opens=java.rmi/sun.rmi.transport=ALL-UNNAMED
25-Nov-2023 09:03:16.425 信息 [main] org.apache.catalina.startup.VersionLoggerListener.log 命令行参数：       -Dcatalina.home=D:\MyPrivateData\apache-tomcat-10.1.7
25-Nov-2023 09:03:16.425 信息 [main] org.apache.catalina.startup.VersionLoggerListener.log 命令行参数：       -Dcatalina.base=C:\Users\15202\IdeaProjects\web-all
25-Nov-2023 09:03:16.425 信息 [main] org.apache.catalina.startup.VersionLoggerListener.log 命令行参数：       -Djava.io.tmpdir=C:\Users\15202\IdeaProjects\web-all\temp
25-Nov-2023 09:03:16.426 信息 [main] org.apache.catalina.startup.VersionLoggerListener.log 命令行参数：       -Djava.util.logging.config.file=C:\Users\15202\IdeaProjects\web-all\conf\logging.properties
25-Nov-2023 09:03:16.426 信息 [main] org.apache.catalina.startup.VersionLoggerListener.log 命令行参数：       -Djava.util.logging.manager=org.apache.juli.ClassLoaderLogManager
25-Nov-2023 09:03:16.426 信息 [main] org.apache.catalina.startup.VersionLoggerListener.log 命令行参数：       -javaagent:C:\Program Files\JetBrains\IntelliJ IDEA 2023.2.5\lib\idea_rt.jar=12603:C:\Program Files\JetBrains\IntelliJ IDEA 2023.2.5\bin
25-Nov-2023 09:03:16.426 信息 [main] org.apache.catalina.startup.VersionLoggerListener.log 命令行参数：       -Dfile.encoding=UTF-8
25-Nov-2023 09:03:16.431 信息 [main] org.apache.catalina.core.AprLifecycleListener.lifecycleEvent 使用APR版本[1.7.2]加载了基于APR的Apache Tomcat本机库[2.0.3]。
25-Nov-2023 09:03:16.441 信息 [main] org.apache.catalina.core.AprLifecycleListener.initializeSSL OpenSSL成功初始化 [OpenSSL 3.0.8 7 Feb 2023]
25-Nov-2023 09:03:16.793 信息 [main] org.apache.coyote.AbstractProtocol.init 初始化协议处理器 ["http-nio-8080"]
25-Nov-2023 09:03:16.816 信息 [main] org.apache.catalina.startup.Catalina.load 服务器在[875]毫秒内初始化
25-Nov-2023 09:03:16.890 信息 [main] org.apache.catalina.core.StandardService.startInternal 正在启动服务[Catalina]
25-Nov-2023 09:03:16.890 信息 [main] org.apache.catalina.core.StandardEngine.startInternal 正在启动 Servlet 引擎：[Apache Tomcat/10.1.7]
25-Nov-2023 09:03:16.916 信息 [main] org.apache.catalina.startup.HostConfig.deployDescriptor 正在部署部署描述符[C:\Users\15202\IdeaProjects\web-all\conf\Catalina\localhost\schedule-system.xml]。
25-Nov-2023 09:03:18.897 信息 [main] org.apache.jasper.servlet.TldScanner.scanJars 至少有一个JAR被扫描用于TLD但尚未包含TLD。 为此记录器启用调试日志记录，以获取已扫描但未在其中找到TLD的完整JAR列表。 在扫描期间跳过不需要的JAR可以缩短启动时间和JSP编译时间。
25-Nov-2023 09:03:19.040 信息 [main] org.apache.catalina.startup.HostConfig.deployDescriptor 部署描述符[C:\Users\15202\IdeaProjects\web-all\conf\Catalina\localhost\schedule-system.xml]的部署已在[2,121]ms内完成
25-Nov-2023 09:03:19.046 信息 [main] org.apache.coyote.AbstractProtocol.start 开始协议处理句柄["http-nio-8080"]
25-Nov-2023 09:03:19.155 信息 [main] org.apache.catalina.startup.Catalina.start [2337]毫秒后服务器启动
25-Nov-2023 09:03:35.849 信息 [Thread-1] org.apache.coyote.AbstractProtocol.pause 暂停ProtocolHandler["http-nio-8080"]
25-Nov-2023 09:03:35.866 信息 [Thread-1] org.apache.catalina.core.StandardService.stopInternal 正在停止服务[Catalina]
25-Nov-2023 09:03:35.874 信息 [Thread-1] org.apache.coyote.AbstractProtocol.stop 正在停止ProtocolHandler ["http-nio-8080"]
25-Nov-2023 09:03:35.878 信息 [Thread-1] org.apache.coyote.AbstractProtocol.destroy 正在摧毁协议处理器 ["http-nio-8080"]
25-Nov-2023 09:46:32.113 信息 [main] org.apache.catalina.startup.VersionLoggerListener.log Server.服务器版本: Apache Tomcat/10.1.7
25-Nov-2023 09:46:32.119 信息 [main] org.apache.catalina.startup.VersionLoggerListener.log 服务器构建:        Feb 27 2023 20:25:27 UTC
25-Nov-2023 09:46:32.119 信息 [main] org.apache.catalina.startup.VersionLoggerListener.log 服务器版本号:      10.1.7.0
25-Nov-2023 09:46:32.120 信息 [main] org.apache.catalina.startup.VersionLoggerListener.log 操作系统名称:      Windows 11
25-Nov-2023 09:46:32.120 信息 [main] org.apache.catalina.startup.VersionLoggerListener.log OS.版本:           10.0
25-Nov-2023 09:46:32.120 信息 [main] org.apache.catalina.startup.VersionLoggerListener.log 架构:              amd64
25-Nov-2023 09:46:32.120 信息 [main] org.apache.catalina.startup.VersionLoggerListener.log Java 环境变量:     C:\Users\15202\.jdks\corretto-17.0.9
25-Nov-2023 09:46:32.120 信息 [main] org.apache.catalina.startup.VersionLoggerListener.log Java虚拟机版本:    17.0.9+8-LTS
25-Nov-2023 09:46:32.120 信息 [main] org.apache.catalina.startup.VersionLoggerListener.log JVM.供应商:        Amazon.com Inc.
25-Nov-2023 09:46:32.120 信息 [main] org.apache.catalina.startup.VersionLoggerListener.log CATALINA_BASE:     C:\Users\15202\IdeaProjects\web-all
25-Nov-2023 09:46:32.120 信息 [main] org.apache.catalina.startup.VersionLoggerListener.log CATALINA_HOME:     D:\MyPrivateData\apache-tomcat-10.1.7
25-Nov-2023 09:46:32.134 信息 [main] org.apache.catalina.startup.VersionLoggerListener.log 命令行参数：       --add-opens=java.base/java.lang=ALL-UNNAMED
25-Nov-2023 09:46:32.134 信息 [main] org.apache.catalina.startup.VersionLoggerListener.log 命令行参数：       --add-opens=java.base/java.io=ALL-UNNAMED
25-Nov-2023 09:46:32.134 信息 [main] org.apache.catalina.startup.VersionLoggerListener.log 命令行参数：       --add-opens=java.base/java.util=ALL-UNNAMED
25-Nov-2023 09:46:32.135 信息 [main] org.apache.catalina.startup.VersionLoggerListener.log 命令行参数：       --add-opens=java.base/java.util.concurrent=ALL-UNNAMED
25-Nov-2023 09:46:32.135 信息 [main] org.apache.catalina.startup.VersionLoggerListener.log 命令行参数：       --add-opens=java.rmi/sun.rmi.transport=ALL-UNNAMED
25-Nov-2023 09:46:32.135 信息 [main] org.apache.catalina.startup.VersionLoggerListener.log 命令行参数：       -Dcatalina.home=D:\MyPrivateData\apache-tomcat-10.1.7
25-Nov-2023 09:46:32.135 信息 [main] org.apache.catalina.startup.VersionLoggerListener.log 命令行参数：       -Dcatalina.base=C:\Users\15202\IdeaProjects\web-all
25-Nov-2023 09:46:32.135 信息 [main] org.apache.catalina.startup.VersionLoggerListener.log 命令行参数：       -Djava.io.tmpdir=C:\Users\15202\IdeaProjects\web-all\temp
25-Nov-2023 09:46:32.135 信息 [main] org.apache.catalina.startup.VersionLoggerListener.log 命令行参数：       -Djava.util.logging.config.file=C:\Users\15202\IdeaProjects\web-all\conf\logging.properties
25-Nov-2023 09:46:32.135 信息 [main] org.apache.catalina.startup.VersionLoggerListener.log 命令行参数：       -Djava.util.logging.manager=org.apache.juli.ClassLoaderLogManager
25-Nov-2023 09:46:32.136 信息 [main] org.apache.catalina.startup.VersionLoggerListener.log 命令行参数：       -javaagent:C:\Program Files\JetBrains\IntelliJ IDEA 2023.2.5\lib\idea_rt.jar=40478:C:\Program Files\JetBrains\IntelliJ IDEA 2023.2.5\bin
25-Nov-2023 09:46:32.136 信息 [main] org.apache.catalina.startup.VersionLoggerListener.log 命令行参数：       -Dfile.encoding=UTF-8
25-Nov-2023 09:46:32.140 信息 [main] org.apache.catalina.core.AprLifecycleListener.lifecycleEvent 使用APR版本[1.7.2]加载了基于APR的Apache Tomcat本机库[2.0.3]。
25-Nov-2023 09:46:32.151 信息 [main] org.apache.catalina.core.AprLifecycleListener.initializeSSL OpenSSL成功初始化 [OpenSSL 3.0.8 7 Feb 2023]
25-Nov-2023 09:46:32.514 信息 [main] org.apache.coyote.AbstractProtocol.init 初始化协议处理器 ["http-nio-8080"]
25-Nov-2023 09:46:32.540 信息 [main] org.apache.catalina.startup.Catalina.load 服务器在[719]毫秒内初始化
25-Nov-2023 09:46:32.627 信息 [main] org.apache.catalina.core.StandardService.startInternal 正在启动服务[Catalina]
25-Nov-2023 09:46:32.628 信息 [main] org.apache.catalina.core.StandardEngine.startInternal 正在启动 Servlet 引擎：[Apache Tomcat/10.1.7]
25-Nov-2023 09:46:32.655 信息 [main] org.apache.catalina.startup.HostConfig.deployDescriptor 正在部署部署描述符[C:\Users\15202\IdeaProjects\web-all\conf\Catalina\localhost\schedule-system.xml]。
25-Nov-2023 09:46:34.771 信息 [main] org.apache.jasper.servlet.TldScanner.scanJars 至少有一个JAR被扫描用于TLD但尚未包含TLD。 为此记录器启用调试日志记录，以获取已扫描但未在其中找到TLD的完整JAR列表。 在扫描期间跳过不需要的JAR可以缩短启动时间和JSP编译时间。
25-Nov-2023 09:46:34.910 信息 [main] org.apache.catalina.startup.HostConfig.deployDescriptor 部署描述符[C:\Users\15202\IdeaProjects\web-all\conf\Catalina\localhost\schedule-system.xml]的部署已在[2,252]ms内完成
25-Nov-2023 09:46:34.914 信息 [main] org.apache.coyote.AbstractProtocol.start 开始协议处理句柄["http-nio-8080"]
25-Nov-2023 09:46:35.028 信息 [main] org.apache.catalina.startup.Catalina.start [2486]毫秒后服务器启动
25-Nov-2023 09:46:41.337 信息 [Thread-1] org.apache.coyote.AbstractProtocol.pause 暂停ProtocolHandler["http-nio-8080"]
25-Nov-2023 09:46:41.354 信息 [Thread-1] org.apache.catalina.core.StandardService.stopInternal 正在停止服务[Catalina]
25-Nov-2023 09:46:41.364 信息 [Thread-1] org.apache.coyote.AbstractProtocol.stop 正在停止ProtocolHandler ["http-nio-8080"]
25-Nov-2023 09:46:41.378 信息 [Thread-1] org.apache.coyote.AbstractProtocol.destroy 正在摧毁协议处理器 ["http-nio-8080"]
